c:\users\james rigby\desktop\platformer improved\platformer\platformer\debug\pch.pch
c:\users\james rigby\desktop\platformer improved\platformer\platformer\debug\vc120.pdb
c:\users\james rigby\desktop\platformer improved\platformer\platformer\debug\vc120.idb
c:\users\james rigby\desktop\platformer improved\platformer\platformer\debug\pch.obj
c:\users\james rigby\desktop\platformer improved\platformer\platformer\debug\app.obj
c:\users\james rigby\desktop\platformer improved\platformer\platformer\debug\gamecontroller.obj
c:\users\james rigby\desktop\platformer improved\platformer\platformer\debug\spriteresources.obj
c:\users\james rigby\desktop\platformer improved\platformer\platformer\debug\tile.obj
c:\users\james rigby\desktop\platformer improved\platformer\platformer\debug\platformermain.obj
c:\users\james rigby\desktop\platformer improved\platformer\platformer\debug\collisionbox.obj
c:\users\james rigby\desktop\platformer improved\platformer\platformer\debug\deviceresources.obj
c:\users\james rigby\desktop\platformer improved\platformer\platformer\debug\gameboard.obj
c:\users\james rigby\desktop\platformer improved\platformer\platformer\debug\player.obj
c:\users\james rigby\desktop\platformer improved\platformer\platformer\debug\troll.obj
c:\users\james rigby\desktop\platformer improved\platformer\platformer\debug\textwriter.obj
c:\users\james rigby\desktop\platformer improved\platformer\platformer\debug\square.obj
c:\users\james rigby\desktop\platformer improved\platformer\debug\platformer\platformer.ilk
c:\users\james rigby\desktop\platformer improved\platformer\debug\platformer\platformer.exe
c:\users\james rigby\desktop\platformer improved\platformer\debug\platformer\platformer.pdb
c:\users\james rigby\desktop\platformer improved\platformer\debug\platformer\platformer.winmd
c:\users\james rigby\desktop\platformer improved\platformer\platformer\debug\platformer.vcxprojresolveassemblyreference.cache
c:\users\james rigby\desktop\platformer improved\platformer\platformer\debug\priconfig.xml
c:\users\james rigby\desktop\platformer improved\platformer\platformer\debug\priconfig.xml.intermediate
c:\users\james rigby\desktop\platformer improved\platformer\platformer\debug\layout.resfiles
c:\users\james rigby\desktop\platformer improved\platformer\platformer\debug\layout.resfiles.intermediate
c:\users\james rigby\desktop\platformer improved\platformer\platformer\debug\resources.resfiles
c:\users\james rigby\desktop\platformer improved\platformer\platformer\debug\resources.resfiles.intermediate
c:\users\james rigby\desktop\platformer improved\platformer\platformer\debug\pri.resfiles
c:\users\james rigby\desktop\platformer improved\platformer\platformer\debug\pri.resfiles.intermediate
c:\users\james rigby\desktop\platformer improved\platformer\debug\platformer\resources.pri
c:\users\james rigby\desktop\platformer improved\platformer\platformer\debug\qualifiers.txt
c:\users\james rigby\desktop\platformer improved\platformer\platformer\debug\qualifiers.txt.intermediate
c:\users\james rigby\desktop\platformer improved\platformer\platformer\debug\multiplequalifiersperdimensionfound.txt
c:\users\james rigby\desktop\platformer improved\platformer\platformer\debug\projectarchitectures.txt
c:\users\james rigby\desktop\platformer improved\platformer\debug\platformer\appxmanifest.xml
c:\users\james rigby\desktop\platformer improved\platformer\debug\platformer\platformer.build.appxrecipe
c:\users\james rigby\desktop\platformer improved\platformer\platformer\debug\platformer.tlog\cl.command.1.tlog
c:\users\james rigby\desktop\platformer improved\platformer\platformer\debug\platformer.tlog\cl.read.1.tlog
c:\users\james rigby\desktop\platformer improved\platformer\platformer\debug\platformer.tlog\cl.write.1.tlog
c:\users\james rigby\desktop\platformer improved\platformer\platformer\debug\platformer.tlog\link.command.1.tlog
c:\users\james rigby\desktop\platformer improved\platformer\platformer\debug\platformer.tlog\link.read.1.tlog
c:\users\james rigby\desktop\platformer improved\platformer\platformer\debug\platformer.tlog\link.write.1.tlog
c:\users\james rigby\desktop\platformer improved\platformer\platformer\debug\platformer.tlog\platformer.read.1u.tlog
c:\users\james rigby\desktop\platformer improved\platformer\platformer\debug\platformer.tlog\platformer.write.1u.tlog
